<?xml version="1.0" encoding="UTF-8"?>
<!-- Generated by org.testng.reporters.JUnitXMLReporter -->
<testsuite ignored="0" hostname="DESKTOP-S3FLF3O" failures="1" tests="3" name="Bing-Search-Sample-Test" time="44.064" errors="0" timestamp="2024-06-21T14:35:27 IST">
  <testcase classname="com.poferries.tourist.web.runner.RunTestNGTest" name="feature" time="16.252">
    <failure type="java.lang.AssertionError" message="expected [true] but found [false]">
      <![CDATA[java.lang.AssertionError: expected [true] but found [false]
at org.testng.Assert.fail(Assert.java:99)
at org.testng.Assert.failNotEquals(Assert.java:1037)
at org.testng.Assert.assertEqualsImpl(Assert.java:140)
at org.testng.Assert.assertEquals(Assert.java:122)
at org.testng.Assert.assertEquals(Assert.java:819)
at org.testng.Assert.assertEquals(Assert.java:829)
at com.poferries.tourist.web.stepDefinitions.Steps.the_user_should_be_redirected_to_the_my_account_page(Steps.java:154)
at ✽.the user should be redirected to the My Account page(file:///D:/BDD_CucumberProject/AutomationPOFerries%202%20(1)/src/test/java/features/login.feature:29)
]]>
    </failure>
  </testcase> <!-- feature -->
  <testcase classname="com.poferries.tourist.web.runner.RunTestNGTest" name="feature" time="13.848"/>
  <testcase classname="com.poferries.tourist.web.runner.RunTestNGTest" name="feature" time="12.756"/>
</testsuite> <!-- Bing-Search-Sample-Test -->
