<?xml version="1.0" encoding="UTF-8"?>
<!-- Generated by org.testng.reporters.JUnitXMLReporter -->
<testsuite ignored="0" hostname="DESKTOP-S3FLF3O" failures="0" tests="3" name="Default test" time="37.135" errors="0" timestamp="2024-06-24T15:47:45 IST">
  <testcase classname="com.poferries.tourist.web.runner.RunTestNGTest" name="feature" time="15.001"/>
  <testcase classname="com.poferries.tourist.web.runner.RunTestNGTest" name="feature" time="12.156"/>
  <testcase classname="com.poferries.tourist.web.runner.RunTestNGTest" name="feature" time="8.831"/>
</testsuite> <!-- Default test -->
