<?xml version="1.0" encoding="UTF-8"?>
<testng-results ignored="0" total="3" passed="3" failed="0" skipped="0">
  <reporter-output>
  </reporter-output>
  <suite started-at="2024-06-24T15:47:08 IST" name="Default suite" finished-at="2024-06-24T15:47:45 IST" duration-ms="37135">
    <groups>
      <group name="cucumber">
        <method signature="RunTestNGTest.feature(io.cucumber.testng.PickleWrapper,io.cucumber.testng.FeatureWrapper)[pri:0, instance:com.poferries.tourist.web.runner.RunTestNGTest@4c163e3]" name="feature" class="com.poferries.tourist.web.runner.RunTestNGTest"/>
      </group> <!-- cucumber -->
    </groups>
    <test started-at="2024-06-24T15:47:08 IST" name="Default test" finished-at="2024-06-24T15:47:45 IST" duration-ms="37135">
      <class name="com.poferries.tourist.web.runner.RunTestNGTest">
        <test-method is-config="true" signature="setUpClass()[pri:0, instance:com.poferries.tourist.web.runner.RunTestNGTest@4c163e3]" started-at="2024-06-24T15:47:08 IST" name="setUpClass" finished-at="2024-06-24T15:47:09 IST" duration-ms="1106" status="PASS">
          <reporter-output>
          </reporter-output>
        </test-method> <!-- setUpClass -->
        <test-method signature="feature(io.cucumber.testng.PickleWrapper,io.cucumber.testng.FeatureWrapper)[pri:0, instance:com.poferries.tourist.web.runner.RunTestNGTest@4c163e3]" started-at="2024-06-24T15:47:09 IST" name="feature" description="Runs Cucumber Scenarios" data-provider="features" finished-at="2024-06-24T15:47:24 IST" duration-ms="15001" status="PASS">
          <params>
            <param index="0">
              <value>
                <![CDATA["User is able to login to nopCommerce"]]>
              </value>
            </param>
            <param index="1">
              <value>
                <![CDATA["Optional[login to nopCommerce]"]]>
              </value>
            </param>
          </params>
          <reporter-output>
          </reporter-output>
        </test-method> <!-- feature -->
        <test-method signature="feature(io.cucumber.testng.PickleWrapper,io.cucumber.testng.FeatureWrapper)[pri:0, instance:com.poferries.tourist.web.runner.RunTestNGTest@4c163e3]" started-at="2024-06-24T15:47:24 IST" name="feature" description="Runs Cucumber Scenarios" data-provider="features" finished-at="2024-06-24T15:47:37 IST" duration-ms="12156" status="PASS">
          <params>
            <param index="0">
              <value>
                <![CDATA["User is able to login to nopCommerce"]]>
              </value>
            </param>
            <param index="1">
              <value>
                <![CDATA["Optional[login to nopCommerce]"]]>
              </value>
            </param>
          </params>
          <reporter-output>
          </reporter-output>
        </test-method> <!-- feature -->
        <test-method signature="feature(io.cucumber.testng.PickleWrapper,io.cucumber.testng.FeatureWrapper)[pri:0, instance:com.poferries.tourist.web.runner.RunTestNGTest@4c163e3]" started-at="2024-06-24T15:47:37 IST" name="feature" description="Runs Cucumber Scenarios" data-provider="features" finished-at="2024-06-24T15:47:45 IST" duration-ms="8831" status="PASS">
          <params>
            <param index="0">
              <value>
                <![CDATA["Successful Account Registration"]]>
              </value>
            </param>
            <param index="1">
              <value>
                <![CDATA["Optional[Account Registration]"]]>
              </value>
            </param>
          </params>
          <reporter-output>
          </reporter-output>
        </test-method> <!-- feature -->
      </class> <!-- com.poferries.tourist.web.runner.RunTestNGTest -->
    </test> <!-- Default test -->
  </suite> <!-- Default suite -->
</testng-results>
